<?xml version="1.0" encoding="UTF-8"?>
<!-- Generated by org.testng.reporters.JUnitReportReporter -->
<testsuite skipped="0" hostname="WL1619" name="com.kg.qa.testcases.TaskTwo" tests="6" failures="0" timestamp="21 Jan 2020 19:57:21 GMT" time="151.302" errors="0">
  <testcase name="verifyMensPageLoad" time="19.121" classname="com.kg.qa.testcases.TaskTwo"/>
  <testcase name="verifyPDP_KKG_M_Loafers_Bazza" time="28.448" classname="com.kg.qa.testcases.TaskTwo"/>
  <testcase name="verifySize" time="22.655" classname="com.kg.qa.testcases.TaskTwo"/>
  <testcase name="verifyAddtobag" time="22.819" classname="com.kg.qa.testcases.TaskTwo"/>
  <testcase name="verifyBagitemNumber" time="22.133" classname="com.kg.qa.testcases.TaskTwo"/>
  <testcase name="verifyCheckoutPageLoad" time="36.126" classname="com.kg.qa.testcases.TaskTwo"/>
</testsuite> <!-- com.kg.qa.testcases.TaskTwo -->
