<?xml version="1.0" encoding="UTF-8"?>
<!-- Generated by org.testng.reporters.JUnitReportReporter -->
<testsuite skipped="0" hostname="WL1619" name="com.kg.qa.testcases.TaskOne" tests="5" failures="0" timestamp="21 Jan 2020 19:57:21 GMT" time="99.018" errors="0">
  <testcase name="verifyHomePageLoad" time="17.192" classname="com.kg.qa.testcases.TaskOne"/>
  <testcase name="verifyHeaderBrandsLink" time="21.085" classname="com.kg.qa.testcases.TaskOne"/>
  <testcase name="verifyBrandsPageLoad" time="17.264" classname="com.kg.qa.testcases.TaskOne"/>
  <testcase name="verifyUggPageLoad" time="20.640" classname="com.kg.qa.testcases.TaskOne"/>
  <testcase name="verifyUggProductsPageLoad" time="22.837" classname="com.kg.qa.testcases.TaskOne"/>
</testsuite> <!-- com.kg.qa.testcases.TaskOne -->
